mode: set
github.com/abadojack/gapstack/cmd/server/main.go:12.13,14.16 2 0
github.com/abadojack/gapstack/cmd/server/main.go:14.16,16.3 1 0
github.com/abadojack/gapstack/cmd/server/main.go:18.2,26.44 5 0
github.com/abadojack/gapstack/internal/api/transaction.go:21.36,25.2 1 1
github.com/abadojack/gapstack/internal/api/transaction.go:27.49,32.2 4 1
github.com/abadojack/gapstack/internal/api/transaction.go:34.77,38.69 2 1
github.com/abadojack/gapstack/internal/api/transaction.go:38.69,41.3 2 1
github.com/abadojack/gapstack/internal/api/transaction.go:42.2,45.117 2 1
github.com/abadojack/gapstack/internal/api/transaction.go:45.117,48.3 2 1
github.com/abadojack/gapstack/internal/api/transaction.go:51.2,53.60 2 1
github.com/abadojack/gapstack/internal/api/transaction.go:53.60,56.3 2 1
github.com/abadojack/gapstack/internal/api/transaction.go:59.2,61.63 3 1
github.com/abadojack/gapstack/internal/api/transaction.go:61.63,64.3 2 0
github.com/abadojack/gapstack/internal/api/transaction.go:67.74,70.14 2 1
github.com/abadojack/gapstack/internal/api/transaction.go:70.14,73.3 2 0
github.com/abadojack/gapstack/internal/api/transaction.go:75.2,76.16 2 1
github.com/abadojack/gapstack/internal/api/transaction.go:76.16,79.3 2 1
github.com/abadojack/gapstack/internal/api/transaction.go:81.2,83.63 3 1
github.com/abadojack/gapstack/internal/api/transaction.go:83.63,86.3 2 0
github.com/abadojack/gapstack/internal/api/transaction.go:89.76,95.28 4 1
github.com/abadojack/gapstack/internal/api/transaction.go:95.28,97.3 1 1
github.com/abadojack/gapstack/internal/api/transaction.go:99.2,100.32 2 1
github.com/abadojack/gapstack/internal/api/transaction.go:100.32,102.3 1 1
github.com/abadojack/gapstack/internal/api/transaction.go:104.2,107.16 3 1
github.com/abadojack/gapstack/internal/api/transaction.go:107.16,110.3 2 1
github.com/abadojack/gapstack/internal/api/transaction.go:113.2,121.60 4 1
github.com/abadojack/gapstack/internal/api/transaction.go:121.60,124.3 2 0
github.com/abadojack/gapstack/internal/api/transaction.go:131.77,135.14 3 1
github.com/abadojack/gapstack/internal/api/transaction.go:135.14,138.3 2 0
github.com/abadojack/gapstack/internal/api/transaction.go:141.2,142.61 2 1
github.com/abadojack/gapstack/internal/api/transaction.go:142.61,145.3 2 1
github.com/abadojack/gapstack/internal/api/transaction.go:146.2,148.84 2 1
github.com/abadojack/gapstack/internal/api/transaction.go:148.84,151.3 2 0
github.com/abadojack/gapstack/internal/api/transaction.go:153.2,153.63 1 1
github.com/abadojack/gapstack/internal/api/transaction.go:153.63,156.3 2 1
github.com/abadojack/gapstack/internal/api/transaction.go:158.2,159.37 2 1
github.com/abadojack/gapstack/internal/db/db.go:33.26,35.16 2 0
github.com/abadojack/gapstack/internal/db/db.go:35.16,37.3 1 0
github.com/abadojack/gapstack/internal/db/db.go:39.2,40.16 2 0
github.com/abadojack/gapstack/internal/db/db.go:40.16,42.3 1 0
github.com/abadojack/gapstack/internal/db/db.go:44.2,44.32 1 0
github.com/abadojack/gapstack/internal/db/db.go:48.42,50.2 1 0
github.com/abadojack/gapstack/internal/db/db.go:63.36,66.16 2 0
github.com/abadojack/gapstack/internal/db/db.go:66.16,69.3 2 0
github.com/abadojack/gapstack/internal/db/db.go:72.2,73.18 2 0
github.com/abadojack/gapstack/internal/db/db.go:73.18,75.3 1 0
github.com/abadojack/gapstack/internal/db/db.go:77.2,78.22 2 0
github.com/abadojack/gapstack/internal/db/db.go:78.22,80.3 1 0
github.com/abadojack/gapstack/internal/db/db.go:82.2,95.8 4 0
github.com/abadojack/gapstack/internal/db/db.go:98.49,103.16 3 0
github.com/abadojack/gapstack/internal/db/db.go:103.16,105.3 1 0
github.com/abadojack/gapstack/internal/db/db.go:107.2,115.44 6 0
github.com/abadojack/gapstack/internal/db/db.go:115.44,118.3 2 0
github.com/abadojack/gapstack/internal/db/db.go:120.2,120.16 1 0
github.com/abadojack/gapstack/internal/db/db.go:123.33,124.18 1 0
github.com/abadojack/gapstack/internal/db/db.go:124.18,126.3 1 0
github.com/abadojack/gapstack/internal/db/db.go:127.2,127.12 1 0
github.com/abadojack/gapstack/internal/db/db.go:131.46,133.17 2 0
github.com/abadojack/gapstack/internal/db/db.go:133.17,135.3 1 0
github.com/abadojack/gapstack/internal/db/db.go:136.2,136.14 1 0
github.com/abadojack/gapstack/internal/db/db.go:139.52,141.20 2 0
github.com/abadojack/gapstack/internal/db/db.go:141.20,143.3 1 0
github.com/abadojack/gapstack/internal/db/db.go:145.2,146.16 2 0
github.com/abadojack/gapstack/internal/db/db.go:146.16,149.3 2 0
github.com/abadojack/gapstack/internal/db/db.go:151.2,151.14 1 0
github.com/abadojack/gapstack/internal/db/transaction.go:10.75,14.16 3 1
github.com/abadojack/gapstack/internal/db/transaction.go:14.16,16.3 1 1
github.com/abadojack/gapstack/internal/db/transaction.go:17.2,17.12 1 1
github.com/abadojack/gapstack/internal/db/transaction.go:20.76,23.16 3 1
github.com/abadojack/gapstack/internal/db/transaction.go:23.16,25.3 1 1
github.com/abadojack/gapstack/internal/db/transaction.go:26.2,26.12 1 1
github.com/abadojack/gapstack/internal/db/transaction.go:29.87,38.16 3 1
github.com/abadojack/gapstack/internal/db/transaction.go:38.16,40.3 1 1
github.com/abadojack/gapstack/internal/db/transaction.go:41.2,45.18 3 1
github.com/abadojack/gapstack/internal/db/transaction.go:45.18,55.17 3 1
github.com/abadojack/gapstack/internal/db/transaction.go:55.17,57.4 1 1
github.com/abadojack/gapstack/internal/db/transaction.go:58.3,58.51 1 1
github.com/abadojack/gapstack/internal/db/transaction.go:61.2,61.34 1 1
github.com/abadojack/gapstack/internal/db/transaction.go:61.34,63.3 1 0
github.com/abadojack/gapstack/internal/db/transaction.go:65.2,65.26 1 1
github.com/abadojack/gapstack/internal/db/transaction.go:68.74,81.16 5 1
github.com/abadojack/gapstack/internal/db/transaction.go:81.16,82.36 1 1
github.com/abadojack/gapstack/internal/db/transaction.go:82.36,84.4 1 1
github.com/abadojack/gapstack/internal/db/transaction.go:85.3,85.18 1 1
github.com/abadojack/gapstack/internal/db/transaction.go:88.2,88.26 1 1
